<?xml version="1.0" encoding="UTF-8"?>
<robot generator="Robot 6.1.1 (Python 3.10.10 on win32)" generated="20230917 11:35:48.653" rpa="false" schemaversion="4">
<suite id="s1" name="Home" source="c:\Projects\Software-Testing\RobotFramework\walkdog\home.robot">
<test id="s1-t1" name="Webapp deve estar online" line="11">
<kw name="Open Browser To Home Page">
<kw name="Open Browser" library="SeleniumLibrary">
<arg>${URL}</arg>
<arg>${BROWSER}</arg>
<doc>Opens a new browser instance to the optional ``url``.</doc>
<msg timestamp="20230917 11:35:51.031" level="INFO">Opening browser 'Chrome' to base url 'https://walkdog.vercel.app/'.</msg>
<status status="PASS" starttime="20230917 11:35:51.028" endtime="20230917 11:35:59.470"/>
</kw>
<kw name="Title Should Be" library="SeleniumLibrary">
<arg>Walkdog by Papito</arg>
<doc>Verifies that the current page title equals ``title``.</doc>
<msg timestamp="20230917 11:35:59.497" level="INFO">Page title is 'Walkdog by Papito'.</msg>
<status status="PASS" starttime="20230917 11:35:59.475" endtime="20230917 11:35:59.498"/>
</kw>
<status status="PASS" starttime="20230917 11:35:51.021" endtime="20230917 11:35:59.498"/>
</kw>
<kw name="Home Page Should Be Open">
<kw name="Page Should Contain" library="SeleniumLibrary">
<arg>Cuidado e diversão em cada passo</arg>
<doc>Verifies that current page contains ``text``.</doc>
<msg timestamp="20230917 11:35:59.646" level="INFO">Current page contains text 'Cuidado e diversão em cada passo'.</msg>
<status status="PASS" starttime="20230917 11:35:59.516" endtime="20230917 11:35:59.646"/>
</kw>
<status status="PASS" starttime="20230917 11:35:59.515" endtime="20230917 11:35:59.647"/>
</kw>
<kw name="Close Browser" library="SeleniumLibrary" type="TEARDOWN">
<doc>Closes the current browser.</doc>
<status status="PASS" starttime="20230917 11:35:59.648" endtime="20230917 11:36:02.082"/>
</kw>
<status status="PASS" starttime="20230917 11:35:51.015" endtime="20230917 11:36:02.083"/>
</test>
<doc>Suite de testes da página principal</doc>
<status status="PASS" starttime="20230917 11:35:48.682" endtime="20230917 11:36:02.087"/>
</suite>
<statistics>
<total>
<stat pass="1" fail="0" skip="0">All Tests</stat>
</total>
<tag>
</tag>
<suite>
<stat pass="1" fail="0" skip="0" id="s1" name="Home">Home</stat>
</suite>
</statistics>
<errors>
</errors>
</robot>
