<?xml version="1.0" encoding="UTF-8"?>
<robot generator="Robot 6.1.1 (Python 3.10.10 on win32)" generated="20230929 23:19:50.750" rpa="false" schemaversion="4">
<suite id="s1" name="Cadastro" source="C:\Projects\Software-Testing\RobotFramework\walkdog\cadastro.robot">
<test id="s1-t1" name="CPF incorreto" line="42">
<kw name="Open Browser" library="SeleniumLibrary">
<arg>${URL}</arg>
<arg>${BROWSER}</arg>
<doc>Opens a new browser instance to the optional ``url``.</doc>
<msg timestamp="20230929 23:19:51.292" level="INFO">Opening browser 'Chrome' to base url 'https://walkdog.vercel.app/signup'.</msg>
<status status="PASS" starttime="20230929 23:19:51.291" endtime="20230929 23:19:55.833"/>
</kw>
<kw name="Maximize Browser Window" library="SeleniumLibrary">
<doc>Maximizes current browser window.</doc>
<status status="PASS" starttime="20230929 23:19:55.836" endtime="20230929 23:19:56.107"/>
</kw>
<kw name="Input Text" library="SeleniumLibrary">
<arg>css=input[name="cpf"]</arg>
<arg>${CPF_INCORRETO}</arg>
<doc>Types the given ``text`` into the text field identified by ``locator``.</doc>
<msg timestamp="20230929 23:19:56.109" level="INFO">Typing text '1234567890a' into text field 'css=input[name="cpf"]'.</msg>
<status status="PASS" starttime="20230929 23:19:56.108" endtime="20230929 23:19:56.418"/>
</kw>
<kw name="Click Element" library="SeleniumLibrary">
<arg>xpath=//button[contains(text(), "Cadastrar")]</arg>
<doc>Click the element identified by ``locator``.</doc>
<msg timestamp="20230929 23:19:56.420" level="INFO">Clicking element 'xpath=//button[contains(text(), "Cadastrar")]'.</msg>
<status status="PASS" starttime="20230929 23:19:56.419" endtime="20230929 23:19:56.550"/>
</kw>
<kw name="Element Should Be Visible" library="SeleniumLibrary">
<arg>xpath=//span[@class="alert-error"]</arg>
<doc>Verifies that the element identified by ``locator`` is visible.</doc>
<msg timestamp="20230929 23:19:56.623" level="INFO">Element 'xpath=//span[@class="alert-error"]' is displayed.</msg>
<status status="PASS" starttime="20230929 23:19:56.551" endtime="20230929 23:19:56.623"/>
</kw>
<kw name="Page Should Contain" library="SeleniumLibrary">
<arg>CPF inválido</arg>
<doc>Verifies that current page contains ``text``.</doc>
<msg timestamp="20230929 23:19:56.664" level="INFO">Current page contains text 'CPF inválido'.</msg>
<status status="PASS" starttime="20230929 23:19:56.628" endtime="20230929 23:19:56.664"/>
</kw>
<kw name="Capture Page Screenshot" library="SeleniumLibrary">
<arg>Cadastro_Dog_Walker_Invalid_CPF.png</arg>
<doc>Takes a screenshot of the current page and embeds it into a log file.</doc>
<msg timestamp="20230929 23:19:56.814" level="INFO" html="true">&lt;/td&gt;&lt;/tr&gt;&lt;tr&gt;&lt;td colspan="3"&gt;&lt;a href="Cadastro_Dog_Walker_Invalid_CPF.png"&gt;&lt;img src="Cadastro_Dog_Walker_Invalid_CPF.png" width="800px"&gt;&lt;/a&gt;</msg>
<status status="PASS" starttime="20230929 23:19:56.665" endtime="20230929 23:19:56.814"/>
</kw>
<doc>Teste com CPF incorreto</doc>
<tag>invalid_cpf</tag>
<status status="PASS" starttime="20230929 23:19:51.290" endtime="20230929 23:19:56.816"/>
</test>
<status status="PASS" starttime="20230929 23:19:50.755" endtime="20230929 23:19:56.819"/>
</suite>
<statistics>
<total>
<stat pass="1" fail="0" skip="0">All Tests</stat>
</total>
<tag>
<stat pass="1" fail="0" skip="0">invalid_cpf</stat>
</tag>
<suite>
<stat pass="1" fail="0" skip="0" id="s1" name="Cadastro">Cadastro</stat>
</suite>
</statistics>
<errors>
</errors>
</robot>
